<?xml version="1.0" encoding="UTF-8"?>
<!-- Generated by org.testng.reporters.JUnitReportReporter -->
<testsuite hostname="LAPTOP-LREAFRGN" failures="0" tests="1" name="com.obsequera.test.ManagePaymentMethods" time="8.978" errors="0" timestamp="2023-12-21T14:55:55 IST" skipped="0">
  <testcase classname="com.obsequera.test.ManagePaymentMethods" name="ManagePaymentMethods" time="8.978"/>
</testsuite> <!-- com.obsequera.test.ManagePaymentMethods -->
