<?xml version="1.0" encoding="UTF-8"?>
<!-- Generated by org.testng.reporters.JUnitReportReporter -->
<testsuite hostname="LAPTOP-LREAFRGN" failures="0" tests="1" name="com.obsequera.test.CreateDeliveryBoy" time="9.753" errors="0" timestamp="2023-12-20T13:30:22 IST" skipped="0">
  <testcase classname="com.obsequera.test.CreateDeliveryBoy" name="createDeliveryBoy" time="9.753"/>
</testsuite> <!-- com.obsequera.test.CreateDeliveryBoy -->
