<?xml version="1.0" encoding="UTF-8"?>
<!-- Generated by org.testng.reporters.JUnitReportReporter -->
<testsuite hostname="LAPTOP-LREAFRGN" failures="0" tests="1" name="com.obsequera.test.ManageCategoryTest" time="18.244" errors="0" timestamp="2023-12-24T14:48:35 IST" skipped="0">
  <testcase classname="com.obsequera.test.ManageCategoryTest" name="Category" time="18.244"/>
</testsuite> <!-- com.obsequera.test.ManageCategoryTest -->
