<?xml version="1.0" encoding="UTF-8"?>
<!-- Generated by org.testng.reporters.JUnitReportReporter -->
<testsuite hostname="LAPTOP-LREAFRGN" failures="0" tests="1" name="com.obsequera.test.ManageOrders" time="8.290" errors="0" timestamp="2023-12-21T23:03:55 IST" skipped="0">
  <testcase classname="com.obsequera.test.ManageOrders" name="Order" time="8.290"/>
</testsuite> <!-- com.obsequera.test.ManageOrders -->
