<?xml version="1.0" encoding="UTF-8"?>
<!-- Generated by org.testng.reporters.JUnitReportReporter -->
<testsuite hostname="LAPTOP-LREAFRGN" failures="0" tests="1" name="com.obsqura.test.ManageCategoryTest" time="13.601" errors="0" timestamp="2023-12-26T08:35:51 IST" skipped="0">
  <testcase classname="com.obsqura.test.ManageCategoryTest" name="Category" time="13.601"/>
</testsuite> <!-- com.obsqura.test.ManageCategoryTest -->
