<?xml version="1.0" encoding="UTF-8"?>
<!-- Generated by org.testng.reporters.JUnitReportReporter -->
<testsuite hostname="LAPTOP-LREAFRGN" failures="0" tests="1" name="com.obsequera.test.AdminTest" time="9.830" errors="0" timestamp="2023-12-22T20:24:25 IST" skipped="0">
  <testcase classname="com.obsequera.test.AdminTest" name="CreateAdmin" time="9.830"/>
</testsuite> <!-- com.obsequera.test.AdminTest -->
