<?xml version="1.0" encoding="UTF-8"?>
<!-- Generated by org.testng.reporters.JUnitReportReporter -->
<testsuite hostname="LAPTOP-LREAFRGN" failures="0" tests="2" name="com.obsqura.test.CreateDeliveryBoyUsingDataProviders" time="38.574" errors="0" timestamp="2023-12-26T08:35:51 IST" skipped="0">
  <testcase classname="com.obsqura.test.CreateDeliveryBoyUsingDataProviders" name="createDeliverytBoyDataProviders" time="19.721"/>
  <testcase classname="com.obsqura.test.CreateDeliveryBoyUsingDataProviders" name="createDeliverytBoyDataProviders" time="18.853"/>
</testsuite> <!-- com.obsqura.test.CreateDeliveryBoyUsingDataProviders -->
