<?xml version="1.0" encoding="UTF-8"?>
<!-- Generated by org.testng.reporters.JUnitReportReporter -->
<testsuite hostname="LAPTOP-LREAFRGN" failures="0" tests="1" name="com.obsequera.test.ManageLocations" time="17.029" errors="0" timestamp="2023-12-24T14:47:32 IST" skipped="0">
  <testcase classname="com.obsequera.test.ManageLocations" name="Location" time="17.029"/>
</testsuite> <!-- com.obsequera.test.ManageLocations -->
