<?xml version="1.0" encoding="UTF-8"?>
<!-- Generated by org.testng.reporters.JUnitReportReporter -->
<testsuite hostname="LAPTOP-LREAFRGN" failures="0" tests="1" name="com.obsequera.test.PushNotifications" time="7.750" errors="0" timestamp="2023-12-21T23:04:51 IST" skipped="0">
  <testcase classname="com.obsequera.test.PushNotifications" name="PushNotifications" time="7.750"/>
</testsuite> <!-- com.obsequera.test.PushNotifications -->
