<?xml version="1.0" encoding="UTF-8"?>
<!-- Generated by org.testng.reporters.JUnitReportReporter -->
<testsuite hostname="LAPTOP-LREAFRGN" failures="0" tests="1" name="com.obsequera.test.ManageExpenseTest" time="9.467" errors="0" timestamp="2023-12-20T13:30:22 IST" skipped="0">
  <testcase classname="com.obsequera.test.ManageExpenseTest" name="ExpenseCategory" time="9.467"/>
</testsuite> <!-- com.obsequera.test.ManageExpenseTest -->
