<?xml version="1.0" encoding="UTF-8"?>
<!-- Generated by org.testng.reporters.JUnitReportReporter -->
<testsuite hostname="LAPTOP-LREAFRGN" failures="0" tests="1" name="com.obsqura.test.ManagePaymentMethods" time="6.990" errors="0" timestamp="2023-12-26T18:32:24 IST" skipped="0">
  <testcase classname="com.obsqura.test.ManagePaymentMethods" name="ManagePaymentMethods" time="6.990"/>
</testsuite> <!-- com.obsqura.test.ManagePaymentMethods -->
