<?xml version="1.0" encoding="UTF-8"?>
<!-- Generated by org.testng.reporters.JUnitReportReporter -->
<testsuite hostname="LAPTOP-LREAFRGN" failures="0" tests="1" name="com.obsqura.test.CreateDeliveryBoy" time="18.784" errors="0" timestamp="2023-12-26T18:32:24 IST" skipped="0">
  <testcase classname="com.obsqura.test.CreateDeliveryBoy" name="createDeliveryBoy" time="18.784"/>
</testsuite> <!-- com.obsqura.test.CreateDeliveryBoy -->
