<?xml version="1.0" encoding="UTF-8"?>
<!-- Generated by org.testng.reporters.JUnitReportReporter -->
<testsuite hostname="LAPTOP-LREAFRGN" failures="0" tests="1" name="com.obsequera.test.LoginTest" time="12.524" errors="0" timestamp="2023-12-20T14:31:17 IST" skipped="0">
  <testcase classname="com.obsequera.test.LoginTest" name="verifyLogin" time="12.524"/>
</testsuite> <!-- com.obsequera.test.LoginTest -->
