<?xml version="1.0" encoding="UTF-8"?>
<!-- Generated by org.testng.reporters.JUnitReportReporter -->
<testsuite hostname="LAPTOP-LREAFRGN" failures="0" tests="2" name="com.obsequera.test.CreateDeliveryBoyUsingDataProviders" time="27.851" errors="0" timestamp="2023-12-20T14:31:17 IST" skipped="0">
  <testcase classname="com.obsequera.test.CreateDeliveryBoyUsingDataProviders" name="createDeliverytBoyDataProviders" time="17.678"/>
  <testcase classname="com.obsequera.test.CreateDeliveryBoyUsingDataProviders" name="createDeliverytBoyDataProviders" time="10.173"/>
</testsuite> <!-- com.obsequera.test.CreateDeliveryBoyUsingDataProviders -->
