<?xml version="1.0" encoding="UTF-8"?>
<!-- Generated by org.testng.reporters.JUnitReportReporter -->
<testsuite hostname="LAPTOP-LREAFRGN" failures="0" tests="1" name="com.obsqura.test.ManageOrders" time="14.022" errors="0" timestamp="2023-12-26T18:32:24 IST" skipped="0">
  <testcase classname="com.obsqura.test.ManageOrders" name="Order" time="14.022"/>
</testsuite> <!-- com.obsqura.test.ManageOrders -->
