<?xml version="1.0" encoding="UTF-8"?>
<!-- Generated by org.testng.reporters.JUnitReportReporter -->
<testsuite hostname="LAPTOP-LREAFRGN" failures="0" tests="1" name="com.obsqura.test.PushNotifications" time="10.597" errors="0" timestamp="2023-12-26T18:32:24 IST" skipped="0">
  <testcase classname="com.obsqura.test.PushNotifications" name="PushNotifications" time="10.597"/>
</testsuite> <!-- com.obsqura.test.PushNotifications -->
