<?xml version="1.0" encoding="UTF-8"?>
<!-- Generated by org.testng.reporters.JUnitReportReporter -->
<testsuite hostname="LAPTOP-LREAFRGN" failures="0" tests="2" name="com.obsqura.test.CreateDeliveryBoyUsingDataProviders" time="30.244" errors="0" timestamp="2023-12-26T18:32:24 IST" skipped="0">
  <testcase classname="com.obsqura.test.CreateDeliveryBoyUsingDataProviders" name="createDeliverytBoyDataProviders" time="13.590"/>
  <testcase classname="com.obsqura.test.CreateDeliveryBoyUsingDataProviders" name="createDeliverytBoyDataProviders" time="16.654"/>
</testsuite> <!-- com.obsqura.test.CreateDeliveryBoyUsingDataProviders -->
