<?xml version="1.0" encoding="UTF-8"?>
<!-- Generated by org.testng.reporters.JUnitReportReporter -->
<testsuite hostname="LAPTOP-LREAFRGN" failures="0" tests="1" name="com.obsequera.test.CreateDeliveryBoy" time="18.874" errors="0" timestamp="2023-12-20T14:31:17 IST" skipped="0">
  <testcase classname="com.obsequera.test.CreateDeliveryBoy" name="createDeliveryBoy" time="18.874"/>
</testsuite> <!-- com.obsequera.test.CreateDeliveryBoy -->
